<?xml version="1.0" encoding="UTF-8"?>
<!-- Generated by org.testng.reporters.JUnitReportReporter -->
<testsuite hostname="Prasad.local" failures="0" tests="1" name="com.hopscotch.tests.Search" time="6.423" errors="0" timestamp="8 May 2020 13:42:34 GMT">
  <testcase classname="com.hopscotch.tests.Search" name="searchProduct" time="6.423"/>
</testsuite> <!-- com.hopscotch.tests.Search -->
