<?xml version="1.0" encoding="UTF-8"?>
<!-- Generated by org.testng.reporters.JUnitReportReporter -->
<testsuite hostname="Prasad.local" failures="0" tests="6" name="com.hopscotch.tests.LoginTestNG" time="51.762" errors="0" timestamp="3 Mar 2020 12:01:54 GMT">
  <testcase classname="com.hopscotch.tests.LoginTestNG" name="emailLoginWithInvalidUsername" time="8.588"/>
  <testcase classname="com.hopscotch.tests.LoginTestNG" name="emailLoginWithInvalidPassword" time="8.161"/>
  <testcase classname="com.hopscotch.tests.LoginTestNG" name="mobLoginWithInvalidMobile" time="8.405"/>
  <testcase classname="com.hopscotch.tests.LoginTestNG" name="mobLoginWithValidCredentials" time="8.436"/>
  <testcase classname="com.hopscotch.tests.LoginTestNG" name="mobLoginWithInvalidPassword" time="8.244"/>
  <testcase classname="com.hopscotch.tests.LoginTestNG" name="emailLoginWithValidCredentials" time="9.928"/>
</testsuite> <!-- com.hopscotch.tests.LoginTestNG -->
